11:02:06.434 INFO - Selenium build info: version: '3.4.0', revision: 'unknown'
11:02:06.434 INFO - Launching a standalone Selenium Server
2017-07-13 11:02:06.454:INFO::main: Logging initialized @267ms to org.seleniumhq.jetty9.util.log.StdErrLog
11:02:06.508 INFO - Driver provider org.openqa.selenium.ie.InternetExplorerDriver registration is skipped:
 registration capabilities Capabilities [{ensureCleanSession=true, browserName=internet explorer, version=, platform=WINDOWS}] does not match the current platform MAC
11:02:06.508 INFO - Driver provider org.openqa.selenium.edge.EdgeDriver registration is skipped:
 registration capabilities Capabilities [{browserName=MicrosoftEdge, version=, platform=WINDOWS}] does not match the current platform MAC
11:02:06.508 INFO - Driver class not found: com.opera.core.systems.OperaDriver
11:02:06.508 INFO - Driver provider com.opera.core.systems.OperaDriver registration is skipped:
Unable to create new instances on this machine.
11:02:06.508 INFO - Driver class not found: com.opera.core.systems.OperaDriver
11:02:06.509 INFO - Driver provider com.opera.core.systems.OperaDriver is not registered
2017-07-13 11:02:06.554:INFO:osjs.Server:main: jetty-9.4.3.v20170317
2017-07-13 11:02:06.600:INFO:osjsh.ContextHandler:main: Started o.s.j.s.ServletContextHandler@d8355a8{/,null,AVAILABLE}
2017-07-13 11:02:06.634:INFO:osjs.AbstractConnector:main: Started ServerConnector@146ba0ac{HTTP/1.1,[http/1.1]}{0.0.0.0:4444}
2017-07-13 11:02:06.635:INFO:osjs.Server:main: Started @447ms
11:02:06.635 INFO - Selenium Server is up and running
11:02:07.199 INFO - SessionCleaner initialized with insideBrowserTimeout 0 and clientGoneTimeout 1800000 polling every 180000
11:02:07.236 INFO - Executing: [new session: Capabilities [{acceptSslCerts=true, marionette=false, name=Login, browserName=chrome, javascriptEnabled=true, platform=ANY}]])
11:02:07.266 INFO - Creating a new session for Capabilities [{acceptSslCerts=true, marionette=false, name=Login, browserName=chrome, javascriptEnabled=true, platform=ANY}]
11:02:07.303 WARN - Exception thrown
java.util.concurrent.ExecutionException: org.openqa.selenium.WebDriverException: java.lang.reflect.InvocationTargetException
Build info: version: '3.4.0', revision: 'unknown', time: 'unknown'
System info: host: 'Andelas-MacBook-Pro-36.local', ip: 'fe80:0:0:0:143e:4d89:a95f:9260%en0', os.name: 'Mac OS X', os.arch: 'x86_64', os.version: '10.12.5', java.version: '1.8.0_131'
Driver info: driver.version: unknown
	at java.util.concurrent.FutureTask.report(FutureTask.java:122)
	at java.util.concurrent.FutureTask.get(FutureTask.java:192)
	at org.openqa.selenium.remote.server.DefaultSession.execute(DefaultSession.java:183)
	at org.openqa.selenium.remote.server.DefaultSession.<init>(DefaultSession.java:119)
	at org.openqa.selenium.remote.server.DefaultSession.createSession(DefaultSession.java:95)
	at org.openqa.selenium.remote.server.DefaultDriverSessions.newSession(DefaultDriverSessions.java:131)
	at org.openqa.selenium.remote.server.handler.NewSession.handle(NewSession.java:59)
	at org.openqa.selenium.remote.server.handler.NewSession.handle(NewSession.java:36)
	at org.openqa.selenium.remote.server.rest.ResultConfig.handle(ResultConfig.java:111)
	at org.openqa.selenium.remote.server.JsonHttpCommandHandler.handleRequest(JsonHttpCommandHandler.java:190)
	at org.openqa.selenium.remote.server.DriverServlet.handleRequest(DriverServlet.java:222)
	at org.openqa.selenium.remote.server.DriverServlet.doPost(DriverServlet.java:184)
	at javax.servlet.http.HttpServlet.service(HttpServlet.java:707)
	at org.openqa.selenium.remote.server.DriverServlet.service(DriverServlet.java:150)
	at javax.servlet.http.HttpServlet.service(HttpServlet.java:790)
	at org.seleniumhq.jetty9.servlet.ServletHolder.handle(ServletHolder.java:841)
	at org.seleniumhq.jetty9.servlet.ServletHandler.doHandle(ServletHandler.java:543)
	at org.seleniumhq.jetty9.server.handler.ScopedHandler.nextHandle(ScopedHandler.java:188)
	at org.seleniumhq.jetty9.server.handler.ContextHandler.doHandle(ContextHandler.java:1228)
	at org.seleniumhq.jetty9.server.handler.ScopedHandler.nextScope(ScopedHandler.java:168)
	at org.seleniumhq.jetty9.servlet.ServletHandler.doScope(ServletHandler.java:481)
	at org.seleniumhq.jetty9.server.handler.ScopedHandler.nextScope(ScopedHandler.java:166)
	at org.seleniumhq.jetty9.server.handler.ContextHandler.doScope(ContextHandler.java:1130)
	at org.seleniumhq.jetty9.server.handler.ScopedHandler.handle(ScopedHandler.java:141)
	at org.seleniumhq.jetty9.server.handler.HandlerWrapper.handle(HandlerWrapper.java:132)
	at org.seleniumhq.jetty9.server.Server.handle(Server.java:564)
	at org.seleniumhq.jetty9.server.HttpChannel.handle(HttpChannel.java:320)
	at org.seleniumhq.jetty9.server.HttpConnection.onFillable(HttpConnection.java:251)
	at org.seleniumhq.jetty9.io.AbstractConnection$ReadCallback.succeeded(AbstractConnection.java:279)
	at org.seleniumhq.jetty9.io.FillInterest.fillable(FillInterest.java:112)
	at org.seleniumhq.jetty9.io.ChannelEndPoint$2.run(ChannelEndPoint.java:124)
	at org.seleniumhq.jetty9.util.thread.QueuedThreadPool.runJob(QueuedThreadPool.java:672)
	at org.seleniumhq.jetty9.util.thread.QueuedThreadPool$2.run(QueuedThreadPool.java:590)
	at java.lang.Thread.run(Thread.java:748)
Caused by: org.openqa.selenium.WebDriverException: java.lang.reflect.InvocationTargetException
Build info: version: '3.4.0', revision: 'unknown', time: 'unknown'
System info: host: 'Andelas-MacBook-Pro-36.local', ip: 'fe80:0:0:0:143e:4d89:a95f:9260%en0', os.name: 'Mac OS X', os.arch: 'x86_64', os.version: '10.12.5', java.version: '1.8.0_131'
Driver info: driver.version: unknown
	at org.openqa.selenium.remote.server.DefaultDriverProvider.callConstructor(DefaultDriverProvider.java:110)
	at org.openqa.selenium.remote.server.DefaultDriverProvider.newInstance(DefaultDriverProvider.java:96)
	at org.openqa.selenium.remote.server.DefaultDriverFactory.newInstance(DefaultDriverFactory.java:60)
	at org.openqa.selenium.remote.server.DefaultSession$BrowserCreator.call(DefaultSession.java:222)
	at org.openqa.selenium.remote.server.DefaultSession$BrowserCreator.call(DefaultSession.java:209)
	at java.util.concurrent.FutureTask.run(FutureTask.java:266)
	at org.openqa.selenium.remote.server.DefaultSession$1.run(DefaultSession.java:176)
	at java.util.concurrent.ThreadPoolExecutor.runWorker(ThreadPoolExecutor.java:1142)
	at java.util.concurrent.ThreadPoolExecutor$Worker.run(ThreadPoolExecutor.java:617)
	... 1 more
Caused by: java.lang.reflect.InvocationTargetException
	at sun.reflect.NativeConstructorAccessorImpl.newInstance0(Native Method)
	at sun.reflect.NativeConstructorAccessorImpl.newInstance(NativeConstructorAccessorImpl.java:62)
	at sun.reflect.DelegatingConstructorAccessorImpl.newInstance(DelegatingConstructorAccessorImpl.java:45)
	at java.lang.reflect.Constructor.newInstance(Constructor.java:423)
	at org.openqa.selenium.remote.server.DefaultDriverProvider.callConstructor(DefaultDriverProvider.java:102)
	... 9 more
Caused by: java.lang.IllegalStateException: The driver executable does not exist: /Users/andeladeveloper/Desktop/doc-mgt/./chromedriver
	at com.google.common.base.Preconditions.checkState(Preconditions.java:518)
	at org.openqa.selenium.remote.service.DriverService.checkExecutable(DriverService.java:136)
	at org.openqa.selenium.remote.service.DriverService.findExecutable(DriverService.java:131)
	at org.openqa.selenium.chrome.ChromeDriverService.access$000(ChromeDriverService.java:32)
	at org.openqa.selenium.chrome.ChromeDriverService$Builder.findDefaultExecutable(ChromeDriverService.java:137)
	at org.openqa.selenium.remote.service.DriverService$Builder.build(DriverService.java:330)
	at org.openqa.selenium.chrome.ChromeDriverService.createDefaultService(ChromeDriverService.java:88)
	at org.openqa.selenium.chrome.ChromeDriver.<init>(ChromeDriver.java:148)
	... 14 more
11:02:07.311 WARN - Exception: The driver executable does not exist: /Users/andeladeveloper/Desktop/doc-mgt/./chromedriver
